[0.056s] DEBUG:colcon:Command line arguments: ['/usr/bin/colcon', 'build']
[0.056s] DEBUG:colcon:Parsed command line arguments: Namespace(log_base=None, log_level=None, verb_name='build', build_base='build', install_base='install', merge_install=False, symlink_install=False, test_result_base=None, continue_on_error=False, executor='parallel', parallel_workers=20, event_handlers=None, ignore_user_meta=False, metas=['./colcon.meta'], base_paths=['.'], packages_ignore=None, packages_ignore_regex=None, paths=None, packages_up_to=None, packages_up_to_regex=None, packages_above=None, packages_above_and_dependencies=None, packages_above_depth=None, packages_select_by_dep=None, packages_skip_by_dep=None, packages_skip_up_to=None, packages_select_build_failed=False, packages_skip_build_finished=False, packages_select_test_failures=False, packages_skip_test_passed=False, packages_select=None, packages_skip=None, packages_select_regex=None, packages_skip_regex=None, packages_start=None, packages_end=None, allow_overriding=[], cmake_args=None, cmake_target=None, cmake_target_skip_unavailable=False, cmake_clean_cache=False, cmake_clean_first=False, cmake_force_configure=False, ament_cmake_args=None, catkin_cmake_args=None, catkin_skip_building_tests=False, mixin_files=None, mixin=None, verb_parser=<colcon_mixin.mixin.mixin_argument.MixinArgumentDecorator object at 0x7a3ab675be50>, verb_extension=<colcon_core.verb.build.BuildVerb object at 0x7a3ab689d4b0>, main=<bound method BuildVerb.main of <colcon_core.verb.build.BuildVerb object at 0x7a3ab689d4b0>>, mixin_verb=('build',))
[0.142s] Level 1:colcon.colcon_core.package_discovery:discover_packages(colcon_meta) check parameters
[0.142s] Level 1:colcon.colcon_core.package_discovery:discover_packages(recursive) check parameters
[0.142s] Level 1:colcon.colcon_core.package_discovery:discover_packages(ignore) check parameters
[0.142s] Level 1:colcon.colcon_core.package_discovery:discover_packages(path) check parameters
[0.142s] Level 1:colcon.colcon_core.package_discovery:discover_packages(colcon_meta) discover
[0.142s] Level 1:colcon.colcon_core.package_discovery:discover_packages(recursive) discover
[0.142s] INFO:colcon.colcon_core.package_discovery:Crawling recursively for packages in '/home/vishwa/perception_ws'
[0.142s] Level 1:colcon.colcon_core.package_identification:_identify(.) by extensions ['ignore', 'ignore_ament_install']
[0.142s] Level 1:colcon.colcon_core.package_identification:_identify(.) by extension 'ignore'
[0.142s] Level 1:colcon.colcon_core.package_identification:_identify(.) by extension 'ignore_ament_install'
[0.142s] Level 1:colcon.colcon_core.package_identification:_identify(.) by extensions ['colcon_pkg']
[0.142s] Level 1:colcon.colcon_core.package_identification:_identify(.) by extension 'colcon_pkg'
[0.142s] Level 1:colcon.colcon_core.package_identification:_identify(.) by extensions ['colcon_meta']
[0.142s] Level 1:colcon.colcon_core.package_identification:_identify(.) by extension 'colcon_meta'
[0.142s] Level 1:colcon.colcon_core.package_identification:_identify(.) by extensions ['ros']
[0.142s] Level 1:colcon.colcon_core.package_identification:_identify(.) by extension 'ros'
[0.148s] Level 1:colcon.colcon_core.package_identification:_identify(.) by extensions ['cmake', 'python']
[0.148s] Level 1:colcon.colcon_core.package_identification:_identify(.) by extension 'cmake'
[0.148s] Level 1:colcon.colcon_core.package_identification:_identify(.) by extension 'python'
[0.148s] Level 1:colcon.colcon_core.package_identification:_identify(.) by extensions ['python_setup_py']
[0.148s] Level 1:colcon.colcon_core.package_identification:_identify(.) by extension 'python_setup_py'
[0.149s] Level 1:colcon.colcon_core.package_identification:_identify(build) by extensions ['ignore', 'ignore_ament_install']
[0.149s] Level 1:colcon.colcon_core.package_identification:_identify(build) by extension 'ignore'
[0.149s] Level 1:colcon.colcon_core.package_identification:_identify(build) ignored
[0.149s] Level 1:colcon.colcon_core.package_identification:_identify(install) by extensions ['ignore', 'ignore_ament_install']
[0.149s] Level 1:colcon.colcon_core.package_identification:_identify(install) by extension 'ignore'
[0.149s] Level 1:colcon.colcon_core.package_identification:_identify(install) ignored
[0.149s] Level 1:colcon.colcon_core.package_identification:_identify(log) by extensions ['ignore', 'ignore_ament_install']
[0.149s] Level 1:colcon.colcon_core.package_identification:_identify(log) by extension 'ignore'
[0.149s] Level 1:colcon.colcon_core.package_identification:_identify(log) ignored
[0.149s] Level 1:colcon.colcon_core.package_identification:_identify(src) by extensions ['ignore', 'ignore_ament_install']
[0.149s] Level 1:colcon.colcon_core.package_identification:_identify(src) by extension 'ignore'
[0.149s] Level 1:colcon.colcon_core.package_identification:_identify(src) by extension 'ignore_ament_install'
[0.149s] Level 1:colcon.colcon_core.package_identification:_identify(src) by extensions ['colcon_pkg']
[0.149s] Level 1:colcon.colcon_core.package_identification:_identify(src) by extension 'colcon_pkg'
[0.149s] Level 1:colcon.colcon_core.package_identification:_identify(src) by extensions ['colcon_meta']
[0.149s] Level 1:colcon.colcon_core.package_identification:_identify(src) by extension 'colcon_meta'
[0.149s] Level 1:colcon.colcon_core.package_identification:_identify(src) by extensions ['ros']
[0.149s] Level 1:colcon.colcon_core.package_identification:_identify(src) by extension 'ros'
[0.149s] Level 1:colcon.colcon_core.package_identification:_identify(src) by extensions ['cmake', 'python']
[0.149s] Level 1:colcon.colcon_core.package_identification:_identify(src) by extension 'cmake'
[0.149s] Level 1:colcon.colcon_core.package_identification:_identify(src) by extension 'python'
[0.149s] Level 1:colcon.colcon_core.package_identification:_identify(src) by extensions ['python_setup_py']
[0.149s] Level 1:colcon.colcon_core.package_identification:_identify(src) by extension 'python_setup_py'
[0.149s] Level 1:colcon.colcon_core.package_identification:_identify(src/amr_vision) by extensions ['ignore', 'ignore_ament_install']
[0.149s] Level 1:colcon.colcon_core.package_identification:_identify(src/amr_vision) by extension 'ignore'
[0.149s] Level 1:colcon.colcon_core.package_identification:_identify(src/amr_vision) by extension 'ignore_ament_install'
[0.149s] Level 1:colcon.colcon_core.package_identification:_identify(src/amr_vision) by extensions ['colcon_pkg']
[0.149s] Level 1:colcon.colcon_core.package_identification:_identify(src/amr_vision) by extension 'colcon_pkg'
[0.149s] Level 1:colcon.colcon_core.package_identification:_identify(src/amr_vision) by extensions ['colcon_meta']
[0.149s] Level 1:colcon.colcon_core.package_identification:_identify(src/amr_vision) by extension 'colcon_meta'
[0.149s] Level 1:colcon.colcon_core.package_identification:_identify(src/amr_vision) by extensions ['ros']
[0.149s] Level 1:colcon.colcon_core.package_identification:_identify(src/amr_vision) by extension 'ros'
[0.155s] DEBUG:colcon.colcon_core.package_identification:Package 'src/amr_vision' with type 'ros.ament_python' and name 'amr_vision'
[0.155s] Level 1:colcon.colcon_core.package_identification:_identify(src/perception_world) by extensions ['ignore', 'ignore_ament_install']
[0.155s] Level 1:colcon.colcon_core.package_identification:_identify(src/perception_world) by extension 'ignore'
[0.156s] Level 1:colcon.colcon_core.package_identification:_identify(src/perception_world) by extension 'ignore_ament_install'
[0.156s] Level 1:colcon.colcon_core.package_identification:_identify(src/perception_world) by extensions ['colcon_pkg']
[0.156s] Level 1:colcon.colcon_core.package_identification:_identify(src/perception_world) by extension 'colcon_pkg'
[0.156s] Level 1:colcon.colcon_core.package_identification:_identify(src/perception_world) by extensions ['colcon_meta']
[0.156s] Level 1:colcon.colcon_core.package_identification:_identify(src/perception_world) by extension 'colcon_meta'
[0.156s] Level 1:colcon.colcon_core.package_identification:_identify(src/perception_world) by extensions ['ros']
[0.156s] Level 1:colcon.colcon_core.package_identification:_identify(src/perception_world) by extension 'ros'
[0.156s] DEBUG:colcon.colcon_core.package_identification:Package 'src/perception_world' with type 'ros.ament_cmake' and name 'perception_world'
[0.156s] Level 1:colcon.colcon_core.package_discovery:discover_packages(recursive) using defaults
[0.156s] Level 1:colcon.colcon_core.package_discovery:discover_packages(ignore) discover
[0.156s] Level 1:colcon.colcon_core.package_discovery:discover_packages(ignore) using defaults
[0.156s] Level 1:colcon.colcon_core.package_discovery:discover_packages(path) discover
[0.156s] Level 1:colcon.colcon_core.package_discovery:discover_packages(path) using defaults
[0.167s] Level 1:colcon.colcon_core.package_discovery:discover_packages(prefix_path) check parameters
[0.167s] Level 1:colcon.colcon_core.package_discovery:discover_packages(prefix_path) discover
[0.168s] DEBUG:colcon.colcon_installed_package_information.package_discovery:Found 2 installed packages in /home/vishwa/perception_ws/install
[0.168s] DEBUG:colcon.colcon_installed_package_information.package_discovery:Found 342 installed packages in /opt/ros/humble
[0.169s] Level 1:colcon.colcon_core.package_discovery:discover_packages(prefix_path) using defaults
[0.190s] Level 5:colcon.colcon_core.verb:set package 'amr_vision' build argument 'cmake_args' from command line to 'None'
[0.190s] Level 5:colcon.colcon_core.verb:set package 'amr_vision' build argument 'cmake_target' from command line to 'None'
[0.190s] Level 5:colcon.colcon_core.verb:set package 'amr_vision' build argument 'cmake_target_skip_unavailable' from command line to 'False'
[0.190s] Level 5:colcon.colcon_core.verb:set package 'amr_vision' build argument 'cmake_clean_cache' from command line to 'False'
[0.190s] Level 5:colcon.colcon_core.verb:set package 'amr_vision' build argument 'cmake_clean_first' from command line to 'False'
[0.190s] Level 5:colcon.colcon_core.verb:set package 'amr_vision' build argument 'cmake_force_configure' from command line to 'False'
[0.190s] Level 5:colcon.colcon_core.verb:set package 'amr_vision' build argument 'ament_cmake_args' from command line to 'None'
[0.190s] Level 5:colcon.colcon_core.verb:set package 'amr_vision' build argument 'catkin_cmake_args' from command line to 'None'
[0.190s] Level 5:colcon.colcon_core.verb:set package 'amr_vision' build argument 'catkin_skip_building_tests' from command line to 'False'
[0.190s] DEBUG:colcon.colcon_core.verb:Building package 'amr_vision' with the following arguments: {'ament_cmake_args': None, 'build_base': '/home/vishwa/perception_ws/build/amr_vision', 'catkin_cmake_args': None, 'catkin_skip_building_tests': False, 'cmake_args': None, 'cmake_clean_cache': False, 'cmake_clean_first': False, 'cmake_force_configure': False, 'cmake_target': None, 'cmake_target_skip_unavailable': False, 'install_base': '/home/vishwa/perception_ws/install/amr_vision', 'merge_install': False, 'path': '/home/vishwa/perception_ws/src/amr_vision', 'symlink_install': False, 'test_result_base': None}
[0.190s] Level 5:colcon.colcon_core.verb:set package 'perception_world' build argument 'cmake_args' from command line to 'None'
[0.190s] Level 5:colcon.colcon_core.verb:set package 'perception_world' build argument 'cmake_target' from command line to 'None'
[0.190s] Level 5:colcon.colcon_core.verb:set package 'perception_world' build argument 'cmake_target_skip_unavailable' from command line to 'False'
[0.190s] Level 5:colcon.colcon_core.verb:set package 'perception_world' build argument 'cmake_clean_cache' from command line to 'False'
[0.190s] Level 5:colcon.colcon_core.verb:set package 'perception_world' build argument 'cmake_clean_first' from command line to 'False'
[0.190s] Level 5:colcon.colcon_core.verb:set package 'perception_world' build argument 'cmake_force_configure' from command line to 'False'
[0.190s] Level 5:colcon.colcon_core.verb:set package 'perception_world' build argument 'ament_cmake_args' from command line to 'None'
[0.190s] Level 5:colcon.colcon_core.verb:set package 'perception_world' build argument 'catkin_cmake_args' from command line to 'None'
[0.190s] Level 5:colcon.colcon_core.verb:set package 'perception_world' build argument 'catkin_skip_building_tests' from command line to 'False'
[0.190s] DEBUG:colcon.colcon_core.verb:Building package 'perception_world' with the following arguments: {'ament_cmake_args': None, 'build_base': '/home/vishwa/perception_ws/build/perception_world', 'catkin_cmake_args': None, 'catkin_skip_building_tests': False, 'cmake_args': None, 'cmake_clean_cache': False, 'cmake_clean_first': False, 'cmake_force_configure': False, 'cmake_target': None, 'cmake_target_skip_unavailable': False, 'install_base': '/home/vishwa/perception_ws/install/perception_world', 'merge_install': False, 'path': '/home/vishwa/perception_ws/src/perception_world', 'symlink_install': False, 'test_result_base': None}
[0.190s] INFO:colcon.colcon_core.executor:Executing jobs using 'parallel' executor
[0.191s] DEBUG:colcon.colcon_parallel_executor.executor.parallel:run_until_complete
[0.191s] INFO:colcon.colcon_ros.task.ament_python.build:Building ROS package in '/home/vishwa/perception_ws/src/amr_vision' with build type 'ament_python'
[0.191s] Level 1:colcon.colcon_core.shell:create_environment_hook('amr_vision', 'ament_prefix_path')
[0.192s] INFO:colcon.colcon_core.plugin_system:Skipping extension 'colcon_core.shell.bat': Not used on non-Windows systems
[0.192s] INFO:colcon.colcon_core.shell:Creating environment hook '/home/vishwa/perception_ws/install/amr_vision/share/amr_vision/hook/ament_prefix_path.ps1'
[0.193s] INFO:colcon.colcon_core.shell:Creating environment descriptor '/home/vishwa/perception_ws/install/amr_vision/share/amr_vision/hook/ament_prefix_path.dsv'
[0.193s] INFO:colcon.colcon_core.shell:Creating environment hook '/home/vishwa/perception_ws/install/amr_vision/share/amr_vision/hook/ament_prefix_path.sh'
[0.193s] INFO:colcon.colcon_core.shell:Skip shell extension 'powershell' for command environment: Not usable outside of PowerShell
[0.193s] DEBUG:colcon.colcon_core.shell:Skip shell extension 'dsv' for command environment
[0.195s] INFO:colcon.colcon_ros.task.ament_cmake.build:Building ROS package in '/home/vishwa/perception_ws/src/perception_world' with build type 'ament_cmake'
[0.195s] INFO:colcon.colcon_cmake.task.cmake.build:Building CMake package in '/home/vishwa/perception_ws/src/perception_world'
[0.195s] INFO:colcon.colcon_core.shell:Skip shell extension 'powershell' for command environment: Not usable outside of PowerShell
[0.195s] DEBUG:colcon.colcon_core.shell:Skip shell extension 'dsv' for command environment
[0.343s] INFO:colcon.colcon_core.task.python.build:Building Python package in '/home/vishwa/perception_ws/src/amr_vision'
[0.343s] INFO:colcon.colcon_core.shell:Skip shell extension 'powershell' for command environment: Not usable outside of PowerShell
[0.343s] DEBUG:colcon.colcon_core.shell:Skip shell extension 'dsv' for command environment
[0.348s] DEBUG:colcon.colcon_core.event_handler.log_command:Invoking command in '/home/vishwa/perception_ws/build/perception_world': CMAKE_PREFIX_PATH=${CMAKE_PREFIX_PATH}:/home/vishwa/perception_ws/install/amr_vision:/opt/ros/humble /usr/bin/cmake --build /home/vishwa/perception_ws/build/perception_world -- -j20 -l20
[0.376s] DEBUG:colcon.colcon_core.event_handler.log_command:Invoked command in '/home/vishwa/perception_ws/build/perception_world' returned '0': CMAKE_PREFIX_PATH=${CMAKE_PREFIX_PATH}:/home/vishwa/perception_ws/install/amr_vision:/opt/ros/humble /usr/bin/cmake --build /home/vishwa/perception_ws/build/perception_world -- -j20 -l20
[0.382s] DEBUG:colcon.colcon_core.event_handler.log_command:Invoking command in '/home/vishwa/perception_ws/build/perception_world': CMAKE_PREFIX_PATH=${CMAKE_PREFIX_PATH}:/home/vishwa/perception_ws/install/amr_vision:/opt/ros/humble /usr/bin/cmake --install /home/vishwa/perception_ws/build/perception_world
[0.389s] Level 1:colcon.colcon_core.environment:create_environment_scripts_only(perception_world)
[0.389s] DEBUG:colcon.colcon_core.event_handler.log_command:Invoked command in '/home/vishwa/perception_ws/build/perception_world' returned '0': CMAKE_PREFIX_PATH=${CMAKE_PREFIX_PATH}:/home/vishwa/perception_ws/install/amr_vision:/opt/ros/humble /usr/bin/cmake --install /home/vishwa/perception_ws/build/perception_world
[0.390s] Level 1:colcon.colcon_core.environment:checking '/home/vishwa/perception_ws/install/perception_world' for CMake module files
[0.390s] Level 1:colcon.colcon_core.environment:checking '/home/vishwa/perception_ws/install/perception_world' for CMake config files
[0.390s] Level 1:colcon.colcon_core.shell:create_environment_hook('perception_world', 'cmake_prefix_path')
[0.391s] INFO:colcon.colcon_core.shell:Creating environment hook '/home/vishwa/perception_ws/install/perception_world/share/perception_world/hook/cmake_prefix_path.ps1'
[0.391s] INFO:colcon.colcon_core.shell:Creating environment descriptor '/home/vishwa/perception_ws/install/perception_world/share/perception_world/hook/cmake_prefix_path.dsv'
[0.391s] INFO:colcon.colcon_core.shell:Creating environment hook '/home/vishwa/perception_ws/install/perception_world/share/perception_world/hook/cmake_prefix_path.sh'
[0.392s] Level 1:colcon.colcon_core.environment:checking '/home/vishwa/perception_ws/install/perception_world/bin'
[0.392s] Level 1:colcon.colcon_core.environment:checking '/home/vishwa/perception_ws/install/perception_world/lib/pkgconfig/perception_world.pc'
[0.392s] Level 1:colcon.colcon_core.environment:checking '/home/vishwa/perception_ws/install/perception_world/lib/python3.10/site-packages'
[0.392s] Level 1:colcon.colcon_core.environment:checking '/home/vishwa/perception_ws/install/perception_world/bin'
[0.392s] INFO:colcon.colcon_core.shell:Creating package script '/home/vishwa/perception_ws/install/perception_world/share/perception_world/package.ps1'
[0.393s] INFO:colcon.colcon_core.shell:Creating package descriptor '/home/vishwa/perception_ws/install/perception_world/share/perception_world/package.dsv'
[0.393s] INFO:colcon.colcon_core.shell:Creating package script '/home/vishwa/perception_ws/install/perception_world/share/perception_world/package.sh'
[0.393s] INFO:colcon.colcon_core.shell:Creating package script '/home/vishwa/perception_ws/install/perception_world/share/perception_world/package.bash'
[0.394s] INFO:colcon.colcon_core.shell:Creating package script '/home/vishwa/perception_ws/install/perception_world/share/perception_world/package.zsh'
[0.394s] Level 1:colcon.colcon_core.environment:create_file_with_runtime_dependencies(/home/vishwa/perception_ws/install/perception_world/share/colcon-core/packages/perception_world)
[0.394s] Level 1:colcon.colcon_core.environment:create_environment_scripts_only(perception_world)
[0.395s] Level 1:colcon.colcon_core.environment:checking '/home/vishwa/perception_ws/install/perception_world' for CMake module files
[0.395s] Level 1:colcon.colcon_core.environment:checking '/home/vishwa/perception_ws/install/perception_world' for CMake config files
[0.395s] Level 1:colcon.colcon_core.shell:create_environment_hook('perception_world', 'cmake_prefix_path')
[0.395s] INFO:colcon.colcon_core.shell:Creating environment hook '/home/vishwa/perception_ws/install/perception_world/share/perception_world/hook/cmake_prefix_path.ps1'
[0.395s] INFO:colcon.colcon_core.shell:Creating environment descriptor '/home/vishwa/perception_ws/install/perception_world/share/perception_world/hook/cmake_prefix_path.dsv'
[0.395s] INFO:colcon.colcon_core.shell:Creating environment hook '/home/vishwa/perception_ws/install/perception_world/share/perception_world/hook/cmake_prefix_path.sh'
[0.396s] Level 1:colcon.colcon_core.environment:checking '/home/vishwa/perception_ws/install/perception_world/bin'
[0.396s] Level 1:colcon.colcon_core.environment:checking '/home/vishwa/perception_ws/install/perception_world/lib/pkgconfig/perception_world.pc'
[0.396s] Level 1:colcon.colcon_core.environment:checking '/home/vishwa/perception_ws/install/perception_world/lib/python3.10/site-packages'
[0.396s] Level 1:colcon.colcon_core.environment:checking '/home/vishwa/perception_ws/install/perception_world/bin'
[0.396s] INFO:colcon.colcon_core.shell:Creating package script '/home/vishwa/perception_ws/install/perception_world/share/perception_world/package.ps1'
[0.397s] INFO:colcon.colcon_core.shell:Creating package descriptor '/home/vishwa/perception_ws/install/perception_world/share/perception_world/package.dsv'
[0.397s] INFO:colcon.colcon_core.shell:Creating package script '/home/vishwa/perception_ws/install/perception_world/share/perception_world/package.sh'
[0.397s] INFO:colcon.colcon_core.shell:Creating package script '/home/vishwa/perception_ws/install/perception_world/share/perception_world/package.bash'
[0.397s] INFO:colcon.colcon_core.shell:Creating package script '/home/vishwa/perception_ws/install/perception_world/share/perception_world/package.zsh'
[0.398s] Level 1:colcon.colcon_core.environment:create_file_with_runtime_dependencies(/home/vishwa/perception_ws/install/perception_world/share/colcon-core/packages/perception_world)
[0.555s] DEBUG:colcon.colcon_core.event_handler.log_command:Invoking command in '/home/vishwa/perception_ws/src/amr_vision': PYTHONPATH=/home/vishwa/perception_ws/build/amr_vision/prefix_override:/usr/lib/python3/dist-packages/colcon_core/task/python/colcon_distutils_commands:/home/vishwa/perception_ws/install/amr_vision/lib/python3.10/site-packages:${PYTHONPATH} /usr/bin/python3 -W ignore:setup.py install is deprecated -W ignore:easy_install command is deprecated setup.py egg_info --egg-base ../../build/amr_vision build --build-base /home/vishwa/perception_ws/build/amr_vision/build install --record /home/vishwa/perception_ws/build/amr_vision/install.log --single-version-externally-managed install_data
[0.719s] Level 1:colcon.colcon_core.environment:checking '/home/vishwa/perception_ws/install/amr_vision' for CMake module files
[0.720s] DEBUG:colcon.colcon_core.event_handler.log_command:Invoked command in '/home/vishwa/perception_ws/src/amr_vision' returned '0': PYTHONPATH=/home/vishwa/perception_ws/build/amr_vision/prefix_override:/usr/lib/python3/dist-packages/colcon_core/task/python/colcon_distutils_commands:/home/vishwa/perception_ws/install/amr_vision/lib/python3.10/site-packages:${PYTHONPATH} /usr/bin/python3 -W ignore:setup.py install is deprecated -W ignore:easy_install command is deprecated setup.py egg_info --egg-base ../../build/amr_vision build --build-base /home/vishwa/perception_ws/build/amr_vision/build install --record /home/vishwa/perception_ws/build/amr_vision/install.log --single-version-externally-managed install_data
[0.720s] Level 1:colcon.colcon_core.environment:checking '/home/vishwa/perception_ws/install/amr_vision' for CMake config files
[0.720s] Level 1:colcon.colcon_core.environment:checking '/home/vishwa/perception_ws/install/amr_vision/lib'
[0.720s] Level 1:colcon.colcon_core.environment:checking '/home/vishwa/perception_ws/install/amr_vision/bin'
[0.720s] Level 1:colcon.colcon_core.environment:checking '/home/vishwa/perception_ws/install/amr_vision/lib/pkgconfig/amr_vision.pc'
[0.720s] Level 1:colcon.colcon_core.environment:checking '/home/vishwa/perception_ws/install/amr_vision/lib/python3.10/site-packages'
[0.720s] Level 1:colcon.colcon_core.shell:create_environment_hook('amr_vision', 'pythonpath')
[0.721s] INFO:colcon.colcon_core.shell:Creating environment hook '/home/vishwa/perception_ws/install/amr_vision/share/amr_vision/hook/pythonpath.ps1'
[0.721s] INFO:colcon.colcon_core.shell:Creating environment descriptor '/home/vishwa/perception_ws/install/amr_vision/share/amr_vision/hook/pythonpath.dsv'
[0.721s] INFO:colcon.colcon_core.shell:Creating environment hook '/home/vishwa/perception_ws/install/amr_vision/share/amr_vision/hook/pythonpath.sh'
[0.722s] Level 1:colcon.colcon_core.environment:checking '/home/vishwa/perception_ws/install/amr_vision/bin'
[0.722s] Level 1:colcon.colcon_core.environment:create_environment_scripts_only(amr_vision)
[0.722s] INFO:colcon.colcon_core.shell:Creating package script '/home/vishwa/perception_ws/install/amr_vision/share/amr_vision/package.ps1'
[0.722s] INFO:colcon.colcon_core.shell:Creating package descriptor '/home/vishwa/perception_ws/install/amr_vision/share/amr_vision/package.dsv'
[0.722s] INFO:colcon.colcon_core.shell:Creating package script '/home/vishwa/perception_ws/install/amr_vision/share/amr_vision/package.sh'
[0.722s] INFO:colcon.colcon_core.shell:Creating package script '/home/vishwa/perception_ws/install/amr_vision/share/amr_vision/package.bash'
[0.723s] INFO:colcon.colcon_core.shell:Creating package script '/home/vishwa/perception_ws/install/amr_vision/share/amr_vision/package.zsh'
[0.723s] Level 1:colcon.colcon_core.environment:create_file_with_runtime_dependencies(/home/vishwa/perception_ws/install/amr_vision/share/colcon-core/packages/amr_vision)
[0.723s] DEBUG:colcon.colcon_parallel_executor.executor.parallel:closing loop
[0.723s] DEBUG:colcon.colcon_parallel_executor.executor.parallel:loop closed
[0.723s] DEBUG:colcon.colcon_parallel_executor.executor.parallel:run_until_complete finished with '0'
[0.723s] DEBUG:colcon.colcon_core.event_reactor:joining thread
[0.726s] INFO:colcon.colcon_core.plugin_system:Skipping extension 'colcon_notification.desktop_notification.terminal_notifier': Not used on non-Darwin systems
[0.726s] INFO:colcon.colcon_core.plugin_system:Skipping extension 'colcon_notification.desktop_notification.win32': Not used on non-Windows systems
[0.726s] INFO:colcon.colcon_notification.desktop_notification:Sending desktop notification using 'notify2'
[0.737s] DEBUG:colcon.colcon_core.event_reactor:joined thread
[0.737s] INFO:colcon.colcon_core.shell:Creating prefix script '/home/vishwa/perception_ws/install/local_setup.ps1'
[0.738s] INFO:colcon.colcon_core.shell:Creating prefix util module '/home/vishwa/perception_ws/install/_local_setup_util_ps1.py'
[0.739s] INFO:colcon.colcon_core.shell:Creating prefix chain script '/home/vishwa/perception_ws/install/setup.ps1'
[0.740s] INFO:colcon.colcon_core.shell:Creating prefix script '/home/vishwa/perception_ws/install/local_setup.sh'
[0.740s] INFO:colcon.colcon_core.shell:Creating prefix util module '/home/vishwa/perception_ws/install/_local_setup_util_sh.py'
[0.740s] INFO:colcon.colcon_core.shell:Creating prefix chain script '/home/vishwa/perception_ws/install/setup.sh'
[0.741s] INFO:colcon.colcon_core.shell:Creating prefix script '/home/vishwa/perception_ws/install/local_setup.bash'
[0.741s] INFO:colcon.colcon_core.shell:Creating prefix chain script '/home/vishwa/perception_ws/install/setup.bash'
[0.742s] INFO:colcon.colcon_core.shell:Creating prefix script '/home/vishwa/perception_ws/install/local_setup.zsh'
[0.743s] INFO:colcon.colcon_core.shell:Creating prefix chain script '/home/vishwa/perception_ws/install/setup.zsh'
