[0.104s] DEBUG:colcon:Command line arguments: ['/usr/bin/colcon', 'build']
[0.104s] DEBUG:colcon:Parsed command line arguments: Namespace(log_base=None, log_level=None, verb_name='build', build_base='build', install_base='install', merge_install=False, symlink_install=False, test_result_base=None, continue_on_error=False, executor='parallel', parallel_workers=20, event_handlers=None, ignore_user_meta=False, metas=['./colcon.meta'], base_paths=['.'], packages_ignore=None, packages_ignore_regex=None, paths=None, packages_up_to=None, packages_up_to_regex=None, packages_above=None, packages_above_and_dependencies=None, packages_above_depth=None, packages_select_by_dep=None, packages_skip_by_dep=None, packages_skip_up_to=None, packages_select_build_failed=False, packages_skip_build_finished=False, packages_select_test_failures=False, packages_skip_test_passed=False, packages_select=None, packages_skip=None, packages_select_regex=None, packages_skip_regex=None, packages_start=None, packages_end=None, allow_overriding=[], cmake_args=None, cmake_target=None, cmake_target_skip_unavailable=False, cmake_clean_cache=False, cmake_clean_first=False, cmake_force_configure=False, ament_cmake_args=None, catkin_cmake_args=None, catkin_skip_building_tests=False, mixin_files=None, mixin=None, verb_parser=<colcon_mixin.mixin.mixin_argument.MixinArgumentDecorator object at 0x7d832cb5bb80>, verb_extension=<colcon_core.verb.build.BuildVerb object at 0x7d832cca11e0>, main=<bound method BuildVerb.main of <colcon_core.verb.build.BuildVerb object at 0x7d832cca11e0>>, mixin_verb=('build',))
[0.274s] Level 1:colcon.colcon_core.package_discovery:discover_packages(colcon_meta) check parameters
[0.274s] Level 1:colcon.colcon_core.package_discovery:discover_packages(recursive) check parameters
[0.274s] Level 1:colcon.colcon_core.package_discovery:discover_packages(ignore) check parameters
[0.274s] Level 1:colcon.colcon_core.package_discovery:discover_packages(path) check parameters
[0.274s] Level 1:colcon.colcon_core.package_discovery:discover_packages(colcon_meta) discover
[0.274s] Level 1:colcon.colcon_core.package_discovery:discover_packages(recursive) discover
[0.274s] INFO:colcon.colcon_core.package_discovery:Crawling recursively for packages in '/home/vishwa/perception_ws'
[0.274s] Level 1:colcon.colcon_core.package_identification:_identify(.) by extensions ['ignore', 'ignore_ament_install']
[0.274s] Level 1:colcon.colcon_core.package_identification:_identify(.) by extension 'ignore'
[0.274s] Level 1:colcon.colcon_core.package_identification:_identify(.) by extension 'ignore_ament_install'
[0.274s] Level 1:colcon.colcon_core.package_identification:_identify(.) by extensions ['colcon_pkg']
[0.274s] Level 1:colcon.colcon_core.package_identification:_identify(.) by extension 'colcon_pkg'
[0.274s] Level 1:colcon.colcon_core.package_identification:_identify(.) by extensions ['colcon_meta']
[0.274s] Level 1:colcon.colcon_core.package_identification:_identify(.) by extension 'colcon_meta'
[0.274s] Level 1:colcon.colcon_core.package_identification:_identify(.) by extensions ['ros']
[0.274s] Level 1:colcon.colcon_core.package_identification:_identify(.) by extension 'ros'
[0.284s] Level 1:colcon.colcon_core.package_identification:_identify(.) by extensions ['cmake', 'python']
[0.285s] Level 1:colcon.colcon_core.package_identification:_identify(.) by extension 'cmake'
[0.285s] Level 1:colcon.colcon_core.package_identification:_identify(.) by extension 'python'
[0.285s] Level 1:colcon.colcon_core.package_identification:_identify(.) by extensions ['python_setup_py']
[0.285s] Level 1:colcon.colcon_core.package_identification:_identify(.) by extension 'python_setup_py'
[0.285s] Level 1:colcon.colcon_core.package_identification:_identify(build) by extensions ['ignore', 'ignore_ament_install']
[0.285s] Level 1:colcon.colcon_core.package_identification:_identify(build) by extension 'ignore'
[0.285s] Level 1:colcon.colcon_core.package_identification:_identify(build) ignored
[0.285s] Level 1:colcon.colcon_core.package_identification:_identify(install) by extensions ['ignore', 'ignore_ament_install']
[0.285s] Level 1:colcon.colcon_core.package_identification:_identify(install) by extension 'ignore'
[0.285s] Level 1:colcon.colcon_core.package_identification:_identify(install) ignored
[0.285s] Level 1:colcon.colcon_core.package_identification:_identify(log) by extensions ['ignore', 'ignore_ament_install']
[0.285s] Level 1:colcon.colcon_core.package_identification:_identify(log) by extension 'ignore'
[0.285s] Level 1:colcon.colcon_core.package_identification:_identify(log) ignored
[0.285s] Level 1:colcon.colcon_core.package_identification:_identify(src) by extensions ['ignore', 'ignore_ament_install']
[0.285s] Level 1:colcon.colcon_core.package_identification:_identify(src) by extension 'ignore'
[0.285s] Level 1:colcon.colcon_core.package_identification:_identify(src) by extension 'ignore_ament_install'
[0.285s] Level 1:colcon.colcon_core.package_identification:_identify(src) by extensions ['colcon_pkg']
[0.285s] Level 1:colcon.colcon_core.package_identification:_identify(src) by extension 'colcon_pkg'
[0.285s] Level 1:colcon.colcon_core.package_identification:_identify(src) by extensions ['colcon_meta']
[0.285s] Level 1:colcon.colcon_core.package_identification:_identify(src) by extension 'colcon_meta'
[0.285s] Level 1:colcon.colcon_core.package_identification:_identify(src) by extensions ['ros']
[0.285s] Level 1:colcon.colcon_core.package_identification:_identify(src) by extension 'ros'
[0.285s] Level 1:colcon.colcon_core.package_identification:_identify(src) by extensions ['cmake', 'python']
[0.285s] Level 1:colcon.colcon_core.package_identification:_identify(src) by extension 'cmake'
[0.285s] Level 1:colcon.colcon_core.package_identification:_identify(src) by extension 'python'
[0.285s] Level 1:colcon.colcon_core.package_identification:_identify(src) by extensions ['python_setup_py']
[0.285s] Level 1:colcon.colcon_core.package_identification:_identify(src) by extension 'python_setup_py'
[0.285s] Level 1:colcon.colcon_core.package_identification:_identify(src/amr_vision) by extensions ['ignore', 'ignore_ament_install']
[0.285s] Level 1:colcon.colcon_core.package_identification:_identify(src/amr_vision) by extension 'ignore'
[0.285s] Level 1:colcon.colcon_core.package_identification:_identify(src/amr_vision) by extension 'ignore_ament_install'
[0.285s] Level 1:colcon.colcon_core.package_identification:_identify(src/amr_vision) by extensions ['colcon_pkg']
[0.285s] Level 1:colcon.colcon_core.package_identification:_identify(src/amr_vision) by extension 'colcon_pkg'
[0.285s] Level 1:colcon.colcon_core.package_identification:_identify(src/amr_vision) by extensions ['colcon_meta']
[0.285s] Level 1:colcon.colcon_core.package_identification:_identify(src/amr_vision) by extension 'colcon_meta'
[0.285s] Level 1:colcon.colcon_core.package_identification:_identify(src/amr_vision) by extensions ['ros']
[0.285s] Level 1:colcon.colcon_core.package_identification:_identify(src/amr_vision) by extension 'ros'
[0.288s] DEBUG:colcon.colcon_core.package_identification:Package 'src/amr_vision' with type 'ros.ament_python' and name 'amr_vision'
[0.288s] Level 1:colcon.colcon_core.package_identification:_identify(src/perception_world) by extensions ['ignore', 'ignore_ament_install']
[0.288s] Level 1:colcon.colcon_core.package_identification:_identify(src/perception_world) by extension 'ignore'
[0.288s] Level 1:colcon.colcon_core.package_identification:_identify(src/perception_world) by extension 'ignore_ament_install'
[0.288s] Level 1:colcon.colcon_core.package_identification:_identify(src/perception_world) by extensions ['colcon_pkg']
[0.288s] Level 1:colcon.colcon_core.package_identification:_identify(src/perception_world) by extension 'colcon_pkg'
[0.288s] Level 1:colcon.colcon_core.package_identification:_identify(src/perception_world) by extensions ['colcon_meta']
[0.288s] Level 1:colcon.colcon_core.package_identification:_identify(src/perception_world) by extension 'colcon_meta'
[0.288s] Level 1:colcon.colcon_core.package_identification:_identify(src/perception_world) by extensions ['ros']
[0.288s] Level 1:colcon.colcon_core.package_identification:_identify(src/perception_world) by extension 'ros'
[0.288s] DEBUG:colcon.colcon_core.package_identification:Package 'src/perception_world' with type 'ros.ament_cmake' and name 'perception_world'
[0.288s] Level 1:colcon.colcon_core.package_discovery:discover_packages(recursive) using defaults
[0.288s] Level 1:colcon.colcon_core.package_discovery:discover_packages(ignore) discover
[0.288s] Level 1:colcon.colcon_core.package_discovery:discover_packages(ignore) using defaults
[0.288s] Level 1:colcon.colcon_core.package_discovery:discover_packages(path) discover
[0.289s] Level 1:colcon.colcon_core.package_discovery:discover_packages(path) using defaults
[0.306s] Level 1:colcon.colcon_core.package_discovery:discover_packages(prefix_path) check parameters
[0.306s] Level 1:colcon.colcon_core.package_discovery:discover_packages(prefix_path) discover
[0.309s] DEBUG:colcon.colcon_installed_package_information.package_discovery:Found 342 installed packages in /opt/ros/humble
[0.310s] Level 1:colcon.colcon_core.package_discovery:discover_packages(prefix_path) using defaults
[0.330s] Level 5:colcon.colcon_core.verb:set package 'amr_vision' build argument 'cmake_args' from command line to 'None'
[0.330s] Level 5:colcon.colcon_core.verb:set package 'amr_vision' build argument 'cmake_target' from command line to 'None'
[0.330s] Level 5:colcon.colcon_core.verb:set package 'amr_vision' build argument 'cmake_target_skip_unavailable' from command line to 'False'
[0.330s] Level 5:colcon.colcon_core.verb:set package 'amr_vision' build argument 'cmake_clean_cache' from command line to 'False'
[0.330s] Level 5:colcon.colcon_core.verb:set package 'amr_vision' build argument 'cmake_clean_first' from command line to 'False'
[0.330s] Level 5:colcon.colcon_core.verb:set package 'amr_vision' build argument 'cmake_force_configure' from command line to 'False'
[0.330s] Level 5:colcon.colcon_core.verb:set package 'amr_vision' build argument 'ament_cmake_args' from command line to 'None'
[0.330s] Level 5:colcon.colcon_core.verb:set package 'amr_vision' build argument 'catkin_cmake_args' from command line to 'None'
[0.330s] Level 5:colcon.colcon_core.verb:set package 'amr_vision' build argument 'catkin_skip_building_tests' from command line to 'False'
[0.330s] DEBUG:colcon.colcon_core.verb:Building package 'amr_vision' with the following arguments: {'ament_cmake_args': None, 'build_base': '/home/vishwa/perception_ws/build/amr_vision', 'catkin_cmake_args': None, 'catkin_skip_building_tests': False, 'cmake_args': None, 'cmake_clean_cache': False, 'cmake_clean_first': False, 'cmake_force_configure': False, 'cmake_target': None, 'cmake_target_skip_unavailable': False, 'install_base': '/home/vishwa/perception_ws/install/amr_vision', 'merge_install': False, 'path': '/home/vishwa/perception_ws/src/amr_vision', 'symlink_install': False, 'test_result_base': None}
[0.330s] Level 5:colcon.colcon_core.verb:set package 'perception_world' build argument 'cmake_args' from command line to 'None'
[0.331s] Level 5:colcon.colcon_core.verb:set package 'perception_world' build argument 'cmake_target' from command line to 'None'
[0.331s] Level 5:colcon.colcon_core.verb:set package 'perception_world' build argument 'cmake_target_skip_unavailable' from command line to 'False'
[0.331s] Level 5:colcon.colcon_core.verb:set package 'perception_world' build argument 'cmake_clean_cache' from command line to 'False'
[0.331s] Level 5:colcon.colcon_core.verb:set package 'perception_world' build argument 'cmake_clean_first' from command line to 'False'
[0.331s] Level 5:colcon.colcon_core.verb:set package 'perception_world' build argument 'cmake_force_configure' from command line to 'False'
[0.331s] Level 5:colcon.colcon_core.verb:set package 'perception_world' build argument 'ament_cmake_args' from command line to 'None'
[0.331s] Level 5:colcon.colcon_core.verb:set package 'perception_world' build argument 'catkin_cmake_args' from command line to 'None'
[0.331s] Level 5:colcon.colcon_core.verb:set package 'perception_world' build argument 'catkin_skip_building_tests' from command line to 'False'
[0.331s] DEBUG:colcon.colcon_core.verb:Building package 'perception_world' with the following arguments: {'ament_cmake_args': None, 'build_base': '/home/vishwa/perception_ws/build/perception_world', 'catkin_cmake_args': None, 'catkin_skip_building_tests': False, 'cmake_args': None, 'cmake_clean_cache': False, 'cmake_clean_first': False, 'cmake_force_configure': False, 'cmake_target': None, 'cmake_target_skip_unavailable': False, 'install_base': '/home/vishwa/perception_ws/install/perception_world', 'merge_install': False, 'path': '/home/vishwa/perception_ws/src/perception_world', 'symlink_install': False, 'test_result_base': None}
[0.331s] INFO:colcon.colcon_core.executor:Executing jobs using 'parallel' executor
[0.331s] DEBUG:colcon.colcon_parallel_executor.executor.parallel:run_until_complete
[0.331s] INFO:colcon.colcon_ros.task.ament_python.build:Building ROS package in '/home/vishwa/perception_ws/src/amr_vision' with build type 'ament_python'
[0.331s] Level 1:colcon.colcon_core.shell:create_environment_hook('amr_vision', 'ament_prefix_path')
[0.334s] INFO:colcon.colcon_core.plugin_system:Skipping extension 'colcon_core.shell.bat': Not used on non-Windows systems
[0.334s] INFO:colcon.colcon_core.shell:Creating environment hook '/home/vishwa/perception_ws/install/amr_vision/share/amr_vision/hook/ament_prefix_path.ps1'
[0.335s] INFO:colcon.colcon_core.shell:Creating environment descriptor '/home/vishwa/perception_ws/install/amr_vision/share/amr_vision/hook/ament_prefix_path.dsv'
[0.335s] INFO:colcon.colcon_core.shell:Creating environment hook '/home/vishwa/perception_ws/install/amr_vision/share/amr_vision/hook/ament_prefix_path.sh'
[0.336s] INFO:colcon.colcon_core.shell:Skip shell extension 'powershell' for command environment: Not usable outside of PowerShell
[0.336s] DEBUG:colcon.colcon_core.shell:Skip shell extension 'dsv' for command environment
[0.338s] INFO:colcon.colcon_ros.task.ament_cmake.build:Building ROS package in '/home/vishwa/perception_ws/src/perception_world' with build type 'ament_cmake'
[0.338s] INFO:colcon.colcon_cmake.task.cmake.build:Building CMake package in '/home/vishwa/perception_ws/src/perception_world'
[0.338s] INFO:colcon.colcon_core.shell:Skip shell extension 'powershell' for command environment: Not usable outside of PowerShell
[0.338s] DEBUG:colcon.colcon_core.shell:Skip shell extension 'dsv' for command environment
[0.487s] INFO:colcon.colcon_core.task.python.build:Building Python package in '/home/vishwa/perception_ws/src/amr_vision'
[0.487s] INFO:colcon.colcon_core.shell:Skip shell extension 'powershell' for command environment: Not usable outside of PowerShell
[0.487s] DEBUG:colcon.colcon_core.shell:Skip shell extension 'dsv' for command environment
[0.492s] DEBUG:colcon.colcon_core.event_handler.log_command:Invoking command in '/home/vishwa/perception_ws/build/perception_world': CMAKE_PREFIX_PATH=/opt/ros/humble /usr/bin/cmake /home/vishwa/perception_ws/src/perception_world -DCMAKE_INSTALL_PREFIX=/home/vishwa/perception_ws/install/perception_world
[0.759s] DEBUG:colcon.colcon_core.event_handler.log_command:Invoking command in '/home/vishwa/perception_ws/src/amr_vision': PYTHONPATH=/home/vishwa/perception_ws/build/amr_vision/prefix_override:/usr/lib/python3/dist-packages/colcon_core/task/python/colcon_distutils_commands:/home/vishwa/perception_ws/install/amr_vision/lib/python3.10/site-packages:${PYTHONPATH} /usr/bin/python3 -W ignore:setup.py install is deprecated -W ignore:easy_install command is deprecated setup.py egg_info --egg-base ../../build/amr_vision build --build-base /home/vishwa/perception_ws/build/amr_vision/build install --record /home/vishwa/perception_ws/build/amr_vision/install.log --single-version-externally-managed install_data
[0.953s] DEBUG:colcon.colcon_core.event_handler.log_command:Invoked command in '/home/vishwa/perception_ws/src/amr_vision' returned '0': PYTHONPATH=/home/vishwa/perception_ws/build/amr_vision/prefix_override:/usr/lib/python3/dist-packages/colcon_core/task/python/colcon_distutils_commands:/home/vishwa/perception_ws/install/amr_vision/lib/python3.10/site-packages:${PYTHONPATH} /usr/bin/python3 -W ignore:setup.py install is deprecated -W ignore:easy_install command is deprecated setup.py egg_info --egg-base ../../build/amr_vision build --build-base /home/vishwa/perception_ws/build/amr_vision/build install --record /home/vishwa/perception_ws/build/amr_vision/install.log --single-version-externally-managed install_data
[0.958s] Level 1:colcon.colcon_core.environment:checking '/home/vishwa/perception_ws/install/amr_vision' for CMake module files
[0.959s] Level 1:colcon.colcon_core.environment:checking '/home/vishwa/perception_ws/install/amr_vision' for CMake config files
[0.959s] Level 1:colcon.colcon_core.environment:checking '/home/vishwa/perception_ws/install/amr_vision/lib'
[0.959s] Level 1:colcon.colcon_core.environment:checking '/home/vishwa/perception_ws/install/amr_vision/bin'
[0.959s] Level 1:colcon.colcon_core.environment:checking '/home/vishwa/perception_ws/install/amr_vision/lib/pkgconfig/amr_vision.pc'
[0.959s] Level 1:colcon.colcon_core.environment:checking '/home/vishwa/perception_ws/install/amr_vision/lib/python3.10/site-packages'
[0.959s] Level 1:colcon.colcon_core.shell:create_environment_hook('amr_vision', 'pythonpath')
[0.960s] INFO:colcon.colcon_core.shell:Creating environment hook '/home/vishwa/perception_ws/install/amr_vision/share/amr_vision/hook/pythonpath.ps1'
[0.960s] INFO:colcon.colcon_core.shell:Creating environment descriptor '/home/vishwa/perception_ws/install/amr_vision/share/amr_vision/hook/pythonpath.dsv'
[0.960s] INFO:colcon.colcon_core.shell:Creating environment hook '/home/vishwa/perception_ws/install/amr_vision/share/amr_vision/hook/pythonpath.sh'
[0.960s] Level 1:colcon.colcon_core.environment:checking '/home/vishwa/perception_ws/install/amr_vision/bin'
[0.960s] Level 1:colcon.colcon_core.environment:create_environment_scripts_only(amr_vision)
[0.961s] INFO:colcon.colcon_core.shell:Creating package script '/home/vishwa/perception_ws/install/amr_vision/share/amr_vision/package.ps1'
[0.961s] INFO:colcon.colcon_core.shell:Creating package descriptor '/home/vishwa/perception_ws/install/amr_vision/share/amr_vision/package.dsv'
[0.962s] INFO:colcon.colcon_core.shell:Creating package script '/home/vishwa/perception_ws/install/amr_vision/share/amr_vision/package.sh'
[0.963s] INFO:colcon.colcon_core.shell:Creating package script '/home/vishwa/perception_ws/install/amr_vision/share/amr_vision/package.bash'
[0.964s] INFO:colcon.colcon_core.shell:Creating package script '/home/vishwa/perception_ws/install/amr_vision/share/amr_vision/package.zsh'
[0.964s] Level 1:colcon.colcon_core.environment:create_file_with_runtime_dependencies(/home/vishwa/perception_ws/install/amr_vision/share/colcon-core/packages/amr_vision)
[2.691s] DEBUG:colcon.colcon_core.event_handler.log_command:Invoked command in '/home/vishwa/perception_ws/build/perception_world' returned '0': CMAKE_PREFIX_PATH=/opt/ros/humble /usr/bin/cmake /home/vishwa/perception_ws/src/perception_world -DCMAKE_INSTALL_PREFIX=/home/vishwa/perception_ws/install/perception_world
[2.693s] DEBUG:colcon.colcon_core.event_handler.log_command:Invoking command in '/home/vishwa/perception_ws/build/perception_world': CMAKE_PREFIX_PATH=/opt/ros/humble /usr/bin/cmake --build /home/vishwa/perception_ws/build/perception_world -- -j20 -l20
[2.725s] DEBUG:colcon.colcon_core.event_handler.log_command:Invoked command in '/home/vishwa/perception_ws/build/perception_world' returned '0': CMAKE_PREFIX_PATH=/opt/ros/humble /usr/bin/cmake --build /home/vishwa/perception_ws/build/perception_world -- -j20 -l20
[2.737s] DEBUG:colcon.colcon_core.event_handler.log_command:Invoking command in '/home/vishwa/perception_ws/build/perception_world': CMAKE_PREFIX_PATH=/opt/ros/humble /usr/bin/cmake --install /home/vishwa/perception_ws/build/perception_world
[2.752s] Level 1:colcon.colcon_core.environment:create_environment_scripts_only(perception_world)
[2.753s] Level 1:colcon.colcon_core.environment:checking '/home/vishwa/perception_ws/install/perception_world' for CMake module files
[2.754s] DEBUG:colcon.colcon_core.event_handler.log_command:Invoked command in '/home/vishwa/perception_ws/build/perception_world' returned '0': CMAKE_PREFIX_PATH=/opt/ros/humble /usr/bin/cmake --install /home/vishwa/perception_ws/build/perception_world
[2.755s] Level 1:colcon.colcon_core.environment:checking '/home/vishwa/perception_ws/install/perception_world' for CMake config files
[2.755s] Level 1:colcon.colcon_core.shell:create_environment_hook('perception_world', 'cmake_prefix_path')
[2.755s] INFO:colcon.colcon_core.shell:Creating environment hook '/home/vishwa/perception_ws/install/perception_world/share/perception_world/hook/cmake_prefix_path.ps1'
[2.756s] INFO:colcon.colcon_core.shell:Creating environment descriptor '/home/vishwa/perception_ws/install/perception_world/share/perception_world/hook/cmake_prefix_path.dsv'
[2.756s] INFO:colcon.colcon_core.shell:Creating environment hook '/home/vishwa/perception_ws/install/perception_world/share/perception_world/hook/cmake_prefix_path.sh'
[2.757s] Level 1:colcon.colcon_core.environment:checking '/home/vishwa/perception_ws/install/perception_world/bin'
[2.757s] Level 1:colcon.colcon_core.environment:checking '/home/vishwa/perception_ws/install/perception_world/lib/pkgconfig/perception_world.pc'
[2.758s] Level 1:colcon.colcon_core.environment:checking '/home/vishwa/perception_ws/install/perception_world/lib/python3.10/site-packages'
[2.758s] Level 1:colcon.colcon_core.environment:checking '/home/vishwa/perception_ws/install/perception_world/bin'
[2.759s] INFO:colcon.colcon_core.shell:Creating package script '/home/vishwa/perception_ws/install/perception_world/share/perception_world/package.ps1'
[2.760s] INFO:colcon.colcon_core.shell:Creating package descriptor '/home/vishwa/perception_ws/install/perception_world/share/perception_world/package.dsv'
[2.760s] INFO:colcon.colcon_core.shell:Creating package script '/home/vishwa/perception_ws/install/perception_world/share/perception_world/package.sh'
[2.761s] INFO:colcon.colcon_core.shell:Creating package script '/home/vishwa/perception_ws/install/perception_world/share/perception_world/package.bash'
[2.761s] INFO:colcon.colcon_core.shell:Creating package script '/home/vishwa/perception_ws/install/perception_world/share/perception_world/package.zsh'
[2.762s] Level 1:colcon.colcon_core.environment:create_file_with_runtime_dependencies(/home/vishwa/perception_ws/install/perception_world/share/colcon-core/packages/perception_world)
[2.763s] Level 1:colcon.colcon_core.environment:create_environment_scripts_only(perception_world)
[2.763s] Level 1:colcon.colcon_core.environment:checking '/home/vishwa/perception_ws/install/perception_world' for CMake module files
[2.764s] Level 1:colcon.colcon_core.environment:checking '/home/vishwa/perception_ws/install/perception_world' for CMake config files
[2.765s] Level 1:colcon.colcon_core.shell:create_environment_hook('perception_world', 'cmake_prefix_path')
[2.765s] INFO:colcon.colcon_core.shell:Creating environment hook '/home/vishwa/perception_ws/install/perception_world/share/perception_world/hook/cmake_prefix_path.ps1'
[2.766s] INFO:colcon.colcon_core.shell:Creating environment descriptor '/home/vishwa/perception_ws/install/perception_world/share/perception_world/hook/cmake_prefix_path.dsv'
[2.767s] INFO:colcon.colcon_core.shell:Creating environment hook '/home/vishwa/perception_ws/install/perception_world/share/perception_world/hook/cmake_prefix_path.sh'
[2.768s] Level 1:colcon.colcon_core.environment:checking '/home/vishwa/perception_ws/install/perception_world/bin'
[2.768s] Level 1:colcon.colcon_core.environment:checking '/home/vishwa/perception_ws/install/perception_world/lib/pkgconfig/perception_world.pc'
[2.768s] Level 1:colcon.colcon_core.environment:checking '/home/vishwa/perception_ws/install/perception_world/lib/python3.10/site-packages'
[2.769s] Level 1:colcon.colcon_core.environment:checking '/home/vishwa/perception_ws/install/perception_world/bin'
[2.769s] INFO:colcon.colcon_core.shell:Creating package script '/home/vishwa/perception_ws/install/perception_world/share/perception_world/package.ps1'
[2.770s] INFO:colcon.colcon_core.shell:Creating package descriptor '/home/vishwa/perception_ws/install/perception_world/share/perception_world/package.dsv'
[2.771s] INFO:colcon.colcon_core.shell:Creating package script '/home/vishwa/perception_ws/install/perception_world/share/perception_world/package.sh'
[2.771s] INFO:colcon.colcon_core.shell:Creating package script '/home/vishwa/perception_ws/install/perception_world/share/perception_world/package.bash'
[2.771s] INFO:colcon.colcon_core.shell:Creating package script '/home/vishwa/perception_ws/install/perception_world/share/perception_world/package.zsh'
[2.772s] Level 1:colcon.colcon_core.environment:create_file_with_runtime_dependencies(/home/vishwa/perception_ws/install/perception_world/share/colcon-core/packages/perception_world)
[2.772s] DEBUG:colcon.colcon_parallel_executor.executor.parallel:closing loop
[2.772s] DEBUG:colcon.colcon_parallel_executor.executor.parallel:loop closed
[2.772s] DEBUG:colcon.colcon_parallel_executor.executor.parallel:run_until_complete finished with '0'
[2.772s] DEBUG:colcon.colcon_core.event_reactor:joining thread
[2.779s] INFO:colcon.colcon_core.plugin_system:Skipping extension 'colcon_notification.desktop_notification.terminal_notifier': Not used on non-Darwin systems
[2.780s] INFO:colcon.colcon_core.plugin_system:Skipping extension 'colcon_notification.desktop_notification.win32': Not used on non-Windows systems
[2.780s] INFO:colcon.colcon_notification.desktop_notification:Sending desktop notification using 'notify2'
[2.807s] DEBUG:colcon.colcon_core.event_reactor:joined thread
[2.807s] INFO:colcon.colcon_core.shell:Creating prefix script '/home/vishwa/perception_ws/install/local_setup.ps1'
[2.809s] INFO:colcon.colcon_core.shell:Creating prefix util module '/home/vishwa/perception_ws/install/_local_setup_util_ps1.py'
[2.811s] INFO:colcon.colcon_core.shell:Creating prefix chain script '/home/vishwa/perception_ws/install/setup.ps1'
[2.812s] INFO:colcon.colcon_core.shell:Creating prefix script '/home/vishwa/perception_ws/install/local_setup.sh'
[2.813s] INFO:colcon.colcon_core.shell:Creating prefix util module '/home/vishwa/perception_ws/install/_local_setup_util_sh.py'
[2.813s] INFO:colcon.colcon_core.shell:Creating prefix chain script '/home/vishwa/perception_ws/install/setup.sh'
[2.814s] INFO:colcon.colcon_core.shell:Creating prefix script '/home/vishwa/perception_ws/install/local_setup.bash'
[2.815s] INFO:colcon.colcon_core.shell:Creating prefix chain script '/home/vishwa/perception_ws/install/setup.bash'
[2.816s] INFO:colcon.colcon_core.shell:Creating prefix script '/home/vishwa/perception_ws/install/local_setup.zsh'
[2.817s] INFO:colcon.colcon_core.shell:Creating prefix chain script '/home/vishwa/perception_ws/install/setup.zsh'
