[0.365s] Invoking command in '/home/vishwa/perception_ws/src/amr_vision': PYTHONPATH=/home/vishwa/perception_ws/build/amr_vision/prefix_override:/usr/lib/python3/dist-packages/colcon_core/task/python/colcon_distutils_commands:/home/vishwa/perception_ws/install/amr_vision/lib/python3.10/site-packages:${PYTHONPATH} /usr/bin/python3 -W ignore:setup.py install is deprecated -W ignore:easy_install command is deprecated setup.py egg_info --egg-base ../../build/amr_vision build --build-base /home/vishwa/perception_ws/build/amr_vision/build install --record /home/vishwa/perception_ws/build/amr_vision/install.log --single-version-externally-managed install_data
[0.500s] running egg_info
[0.500s] writing ../../build/amr_vision/amr_vision.egg-info/PKG-INFO
[0.500s] writing dependency_links to ../../build/amr_vision/amr_vision.egg-info/dependency_links.txt
[0.500s] writing entry points to ../../build/amr_vision/amr_vision.egg-info/entry_points.txt
[0.500s] writing requirements to ../../build/amr_vision/amr_vision.egg-info/requires.txt
[0.500s] writing top-level names to ../../build/amr_vision/amr_vision.egg-info/top_level.txt
[0.501s] reading manifest file '../../build/amr_vision/amr_vision.egg-info/SOURCES.txt'
[0.502s] writing manifest file '../../build/amr_vision/amr_vision.egg-info/SOURCES.txt'
[0.502s] running build
[0.502s] running build_py
[0.502s] running install
[0.502s] running install_lib
[0.503s] running install_data
[0.503s] running install_egg_info
[0.504s] removing '/home/vishwa/perception_ws/install/amr_vision/lib/python3.10/site-packages/amr_vision-0.0.0-py3.10.egg-info' (and everything under it)
[0.504s] Copying ../../build/amr_vision/amr_vision.egg-info to /home/vishwa/perception_ws/install/amr_vision/lib/python3.10/site-packages/amr_vision-0.0.0-py3.10.egg-info
[0.504s] running install_scripts
[0.516s] Installing find_red script to /home/vishwa/perception_ws/install/amr_vision/lib/amr_vision
[0.516s] writing list of installed files to '/home/vishwa/perception_ws/build/amr_vision/install.log'
[0.531s] Invoked command in '/home/vishwa/perception_ws/src/amr_vision' returned '0': PYTHONPATH=/home/vishwa/perception_ws/build/amr_vision/prefix_override:/usr/lib/python3/dist-packages/colcon_core/task/python/colcon_distutils_commands:/home/vishwa/perception_ws/install/amr_vision/lib/python3.10/site-packages:${PYTHONPATH} /usr/bin/python3 -W ignore:setup.py install is deprecated -W ignore:easy_install command is deprecated setup.py egg_info --egg-base ../../build/amr_vision build --build-base /home/vishwa/perception_ws/build/amr_vision/build install --record /home/vishwa/perception_ws/build/amr_vision/install.log --single-version-externally-managed install_data
