running egg_info
creating ../../build/amr_vision/amr_vision.egg-info
writing ../../build/amr_vision/amr_vision.egg-info/PKG-INFO
writing dependency_links to ../../build/amr_vision/amr_vision.egg-info/dependency_links.txt
writing entry points to ../../build/amr_vision/amr_vision.egg-info/entry_points.txt
writing requirements to ../../build/amr_vision/amr_vision.egg-info/requires.txt
writing top-level names to ../../build/amr_vision/amr_vision.egg-info/top_level.txt
writing manifest file '../../build/amr_vision/amr_vision.egg-info/SOURCES.txt'
reading manifest file '../../build/amr_vision/amr_vision.egg-info/SOURCES.txt'
writing manifest file '../../build/amr_vision/amr_vision.egg-info/SOURCES.txt'
running build
running build_py
creating /home/vishwa/perception_ws/build/amr_vision/build
creating /home/vishwa/perception_ws/build/amr_vision/build/lib
creating /home/vishwa/perception_ws/build/amr_vision/build/lib/amr_vision
copying amr_vision/__init__.py -> /home/vishwa/perception_ws/build/amr_vision/build/lib/amr_vision
copying amr_vision/red_detector.py -> /home/vishwa/perception_ws/build/amr_vision/build/lib/amr_vision
running install
running install_lib
creating /home/vishwa/perception_ws/install/amr_vision/lib/python3.10/site-packages/amr_vision
copying /home/vishwa/perception_ws/build/amr_vision/build/lib/amr_vision/__init__.py -> /home/vishwa/perception_ws/install/amr_vision/lib/python3.10/site-packages/amr_vision
copying /home/vishwa/perception_ws/build/amr_vision/build/lib/amr_vision/red_detector.py -> /home/vishwa/perception_ws/install/amr_vision/lib/python3.10/site-packages/amr_vision
byte-compiling /home/vishwa/perception_ws/install/amr_vision/lib/python3.10/site-packages/amr_vision/__init__.py to __init__.cpython-310.pyc
byte-compiling /home/vishwa/perception_ws/install/amr_vision/lib/python3.10/site-packages/amr_vision/red_detector.py to red_detector.cpython-310.pyc
running install_data
creating /home/vishwa/perception_ws/install/amr_vision/share/ament_index
creating /home/vishwa/perception_ws/install/amr_vision/share/ament_index/resource_index
creating /home/vishwa/perception_ws/install/amr_vision/share/ament_index/resource_index/packages
copying resource/amr_vision -> /home/vishwa/perception_ws/install/amr_vision/share/ament_index/resource_index/packages
copying package.xml -> /home/vishwa/perception_ws/install/amr_vision/share/amr_vision
running install_egg_info
Copying ../../build/amr_vision/amr_vision.egg-info to /home/vishwa/perception_ws/install/amr_vision/lib/python3.10/site-packages/amr_vision-0.0.0-py3.10.egg-info
running install_scripts
Installing find_red script to /home/vishwa/perception_ws/install/amr_vision/lib/amr_vision
writing list of installed files to '/home/vishwa/perception_ws/build/amr_vision/install.log'
