[0.154s] Invoking command in '/home/vishwa/perception_ws/build/perception_world': CMAKE_PREFIX_PATH=/opt/ros/humble /usr/bin/cmake /home/vishwa/perception_ws/src/perception_world -DCMAKE_INSTALL_PREFIX=/home/vishwa/perception_ws/install/perception_world
[0.245s] -- The C compiler identification is GNU 11.4.0
[0.317s] -- The CXX compiler identification is GNU 11.4.0
[0.327s] -- Detecting C compiler ABI info
[0.379s] -- Detecting C compiler ABI info - done
[0.384s] -- Check for working C compiler: /usr/bin/cc - skipped
[0.384s] -- Detecting C compile features
[0.385s] -- Detecting C compile features - done
[0.388s] -- Detecting CXX compiler ABI info
[0.450s] -- Detecting CXX compiler ABI info - done
[0.455s] -- Check for working CXX compiler: /usr/bin/c++ - skipped
[0.455s] -- Detecting CXX compile features
[0.455s] -- Detecting CXX compile features - done
[0.459s] -- Found ament_cmake: 1.3.13 (/opt/ros/humble/share/ament_cmake/cmake)
[0.571s] -- Found Python3: /usr/bin/python3 (found version "3.10.12") found components: Interpreter 
[0.650s] -- Found gazebo_ros: 3.9.0 (/opt/ros/humble/share/gazebo_ros/cmake)
[0.686s] -- Found rosidl_generator_c: 3.1.8 (/opt/ros/humble/share/rosidl_generator_c/cmake)
[0.689s] -- Found rosidl_adapter: 3.1.8 (/opt/ros/humble/share/rosidl_adapter/cmake)
[0.695s] -- Found rosidl_generator_cpp: 3.1.8 (/opt/ros/humble/share/rosidl_generator_cpp/cmake)
[0.705s] -- Using all available rosidl_typesupport_c: rosidl_typesupport_fastrtps_c;rosidl_typesupport_introspection_c
[0.718s] -- Using all available rosidl_typesupport_cpp: rosidl_typesupport_fastrtps_cpp;rosidl_typesupport_introspection_cpp
[0.749s] -- Found rmw_implementation_cmake: 6.1.2 (/opt/ros/humble/share/rmw_implementation_cmake/cmake)
[0.751s] -- Found rmw_fastrtps_cpp: 6.2.10 (/opt/ros/humble/share/rmw_fastrtps_cpp/cmake)
[0.837s] -- Found OpenSSL: /usr/lib/x86_64-linux-gnu/libcrypto.so (found version "3.0.2")  
[0.867s] -- Found FastRTPS: /opt/ros/humble/include  
[0.897s] -- Using RMW implementation 'rmw_fastrtps_cpp' as default
[0.906s] -- Looking for pthread.h
[0.966s] -- Looking for pthread.h - found
[0.966s] -- Performing Test CMAKE_HAVE_LIBC_PTHREAD
[1.067s] -- Performing Test CMAKE_HAVE_LIBC_PTHREAD - Success
[1.069s] -- Found Threads: TRUE  
[1.137s] -- Found PkgConfig: /usr/bin/pkg-config (found version "0.29.2") 
[1.138s] -- Checking for module 'bullet>=2.82'
[1.154s] --   Found bullet, version 3.05
[1.288s] -- Found fcl: /usr/include (found suitable version "0.7.0", minimum required is "0.5.0") 
[1.366s] -- Found assimp: /usr/include (found version "5.2.0") 
[1.397s] -- Found DART: /usr/include (Required is at least version "6.6") found components: dart 
[1.427s] -- Found Boost: /usr/lib/x86_64-linux-gnu/cmake/Boost-1.74.0/BoostConfig.cmake (found suitable version "1.74.0", minimum required is "1.40.0") found components: thread system filesystem program_options regex iostreams date_time 
[1.443s] -- Found Protobuf: /usr/lib/x86_64-linux-gnu/libprotobuf.so (found version "3.12.4") 
[1.451s] -- Looking for ignition-math6 -- found version 6.15.1
[1.461s] -- Searching for dependencies of ignition-math6
[1.462s] -- Looking for OGRE...
[1.463s] -- OGRE_PREFIX_WATCH changed.
[1.466s] -- Checking for module 'OGRE'
[1.476s] --   Found OGRE, version 1.9.0
[1.519s] -- Found Ogre Ghadamon (1.9.0)
[1.527s] -- Found OGRE: optimized;/usr/lib/x86_64-linux-gnu/libOgreMain.so;debug;/usr/lib/x86_64-linux-gnu/libOgreMain.so
[1.534s] -- Looking for OGRE_Paging...
[1.536s] -- Found OGRE_Paging: optimized;/usr/lib/x86_64-linux-gnu/libOgrePaging.so;debug;/usr/lib/x86_64-linux-gnu/libOgrePaging.so
[1.536s] -- Looking for OGRE_Terrain...
[1.539s] -- Found OGRE_Terrain: optimized;/usr/lib/x86_64-linux-gnu/libOgreTerrain.so;debug;/usr/lib/x86_64-linux-gnu/libOgreTerrain.so
[1.539s] -- Looking for OGRE_Property...
[1.542s] -- Found OGRE_Property: optimized;/usr/lib/x86_64-linux-gnu/libOgreProperty.so;debug;/usr/lib/x86_64-linux-gnu/libOgreProperty.so
[1.542s] -- Looking for OGRE_RTShaderSystem...
[1.545s] -- Found OGRE_RTShaderSystem: optimized;/usr/lib/x86_64-linux-gnu/libOgreRTShaderSystem.so;debug;/usr/lib/x86_64-linux-gnu/libOgreRTShaderSystem.so
[1.545s] -- Looking for OGRE_Volume...
[1.548s] -- Found OGRE_Volume: optimized;/usr/lib/x86_64-linux-gnu/libOgreVolume.so;debug;/usr/lib/x86_64-linux-gnu/libOgreVolume.so
[1.548s] -- Looking for OGRE_Overlay...
[1.550s] -- Found OGRE_Overlay: optimized;/usr/lib/x86_64-linux-gnu/libOgreOverlay.so;debug;/usr/lib/x86_64-linux-gnu/libOgreOverlay.so
[1.605s] -- Looking for ignition-math6 -- found version 6.15.1
[1.607s] -- Looking for ignition-transport8 -- found version 8.2.1
[1.607s] -- Searching for dependencies of ignition-transport8
[1.617s] -- Found Protobuf: /usr/lib/x86_64-linux-gnu/libprotobuf.so (found suitable version "3.12.4", minimum required is "3") 
[1.623s] -- Config-file not installed for ZeroMQ -- checking for pkg-config
[1.626s] -- Checking for module 'libzmq >= 4'
[1.638s] --   Found libzmq , version 4.3.4
[1.683s] -- Found ZeroMQ: TRUE (Required is at least version "4") 
[1.692s] -- Checking for module 'uuid'
[1.709s] --   Found uuid, version 2.37.2
[1.760s] -- Found UUID: TRUE  
[1.764s] -- Looking for ignition-msgs5 -- found version 5.8.1
[1.765s] -- Searching for dependencies of ignition-msgs5
[1.786s] -- Looking for ignition-math6 -- found version 6.15.1
[1.790s] -- Checking for module 'tinyxml2'
[1.805s] --   Found tinyxml2, version 9.0.0
[1.861s] -- Looking for ignition-msgs5 -- found version 5.8.1
[1.866s] -- Looking for ignition-common3 -- found version 3.14.0
[1.866s] -- Searching for dependencies of ignition-common3
[1.867s] -- Looking for dlfcn.h - found
[1.868s] -- Looking for libdl - found
[1.870s] -- Found DL: TRUE  
[1.882s] -- Found tinyobjloader: /usr/lib/x86_64-linux-gnu/cmake/tinyobjloader/tinyobjloader-config.cmake (found version "2.0.0") 
[1.883s] -- Searching for <ignition-common3> component [graphics]
[1.886s] -- Looking for ignition-common3-graphics -- found version 3.14.0
[1.887s] -- Searching for dependencies of ignition-common3-graphics
[1.887s] -- Looking for ignition-math6 -- found version 6.15.1
[1.890s] -- Looking for ignition-fuel_tools4 -- found version 4.4.0
[1.890s] -- Searching for dependencies of ignition-fuel_tools4
[1.991s] -- Found CURL: /usr/lib/x86_64-linux-gnu/libcurl.so (found version "7.81.0")  
[2.005s] -- Checking for module 'jsoncpp'
[2.022s] --   Found jsoncpp, version 1.9.5
[2.073s] -- Found JSONCPP: TRUE  
[2.082s] -- Checking for module 'libzip'
[2.100s] --   Found libzip, version 1.7.3
[2.150s] -- Found ZIP: TRUE  
[2.150s] -- Looking for ignition-common3 -- found version 3.14.0
[2.151s] -- Looking for ignition-math6 -- found version 6.15.1
[2.151s] -- Looking for ignition-msgs5 -- found version 5.8.1
[2.158s] -- Gazebo version: 11.10
[2.159s] -- Checking for module 'tbb'
[2.178s] --   Found tbb, version 2021.5.0
[2.228s] -- Found gazebo_plugins: 3.9.0 (/opt/ros/humble/share/gazebo_plugins/cmake)
[2.286s] -- Found ament_lint_auto: 0.12.15 (/opt/ros/humble/share/ament_lint_auto/cmake)
[2.338s] -- Added test 'lint_cmake' to check CMake code style
[2.339s] -- Added test 'xmllint' to check XML markup files
[2.340s] -- Configuring done
[2.344s] -- Generating done
[2.345s] -- Build files have been written to: /home/vishwa/perception_ws/build/perception_world
[2.353s] Invoked command in '/home/vishwa/perception_ws/build/perception_world' returned '0': CMAKE_PREFIX_PATH=/opt/ros/humble /usr/bin/cmake /home/vishwa/perception_ws/src/perception_world -DCMAKE_INSTALL_PREFIX=/home/vishwa/perception_ws/install/perception_world
[2.355s] Invoking command in '/home/vishwa/perception_ws/build/perception_world': CMAKE_PREFIX_PATH=/opt/ros/humble /usr/bin/cmake --build /home/vishwa/perception_ws/build/perception_world -- -j20 -l20
[2.387s] Invoked command in '/home/vishwa/perception_ws/build/perception_world' returned '0': CMAKE_PREFIX_PATH=/opt/ros/humble /usr/bin/cmake --build /home/vishwa/perception_ws/build/perception_world -- -j20 -l20
[2.399s] Invoking command in '/home/vishwa/perception_ws/build/perception_world': CMAKE_PREFIX_PATH=/opt/ros/humble /usr/bin/cmake --install /home/vishwa/perception_ws/build/perception_world
[2.409s] -- Install configuration: ""
[2.410s] -- Installing: /home/vishwa/perception_ws/install/perception_world/share/ament_index/resource_index/package_run_dependencies/perception_world
[2.410s] -- Installing: /home/vishwa/perception_ws/install/perception_world/share/ament_index/resource_index/parent_prefix_path/perception_world
[2.410s] -- Installing: /home/vishwa/perception_ws/install/perception_world/share/perception_world/environment/ament_prefix_path.sh
[2.411s] -- Installing: /home/vishwa/perception_ws/install/perception_world/share/perception_world/environment/ament_prefix_path.dsv
[2.411s] -- Installing: /home/vishwa/perception_ws/install/perception_world/share/perception_world/environment/path.sh
[2.411s] -- Installing: /home/vishwa/perception_ws/install/perception_world/share/perception_world/environment/path.dsv
[2.412s] -- Installing: /home/vishwa/perception_ws/install/perception_world/share/perception_world/local_setup.bash
[2.412s] -- Installing: /home/vishwa/perception_ws/install/perception_world/share/perception_world/local_setup.sh
[2.412s] -- Installing: /home/vishwa/perception_ws/install/perception_world/share/perception_world/local_setup.zsh
[2.412s] -- Installing: /home/vishwa/perception_ws/install/perception_world/share/perception_world/local_setup.dsv
[2.412s] -- Installing: /home/vishwa/perception_ws/install/perception_world/share/perception_world/package.dsv
[2.412s] -- Installing: /home/vishwa/perception_ws/install/perception_world/share/ament_index/resource_index/packages/perception_world
[2.413s] -- Installing: /home/vishwa/perception_ws/install/perception_world/share/perception_world/cmake/perception_worldConfig.cmake
[2.413s] -- Installing: /home/vishwa/perception_ws/install/perception_world/share/perception_world/cmake/perception_worldConfig-version.cmake
[2.413s] -- Installing: /home/vishwa/perception_ws/install/perception_world/share/perception_world/package.xml
[2.415s] Invoked command in '/home/vishwa/perception_ws/build/perception_world' returned '0': CMAKE_PREFIX_PATH=/opt/ros/humble /usr/bin/cmake --install /home/vishwa/perception_ws/build/perception_world
